Assembler report for ltr_sensor_ip_m1
Fri Jul  4 17:24:02 2025
Quartus Prime Version 19.1.0 Build 670 09/22/2019 SJ Lite Edition


---------------------
; Table of Contents ;
---------------------
  1. Legal Notice
  2. Assembler Summary
  3. Assembler Settings
  4. Assembler Generated Files
  5. Assembler Device Options: ltr_sensor_ip_m1.sof
  6. Assembler Messages



----------------
; Legal Notice ;
----------------
Copyright (C) 2019  Intel Corporation. All rights reserved.
Your use of Intel Corporation's design tools, logic functions 
and other software and tools, and any partner logic 
functions, and any output files from any of the foregoing 
(including device programming or simulation files), and any 
associated documentation or information are expressly subject 
to the terms and conditions of the Intel Program License 
Subscription Agreement, the Intel Quartus Prime License Agreement,
the Intel FPGA IP License Agreement, or other applicable license
agreement, including, without limitation, that your use is for
the sole purpose of programming logic devices manufactured by
Intel and sold by Intel or its authorized distributors.  Please
refer to the applicable agreement for further details, at
https://fpgasoftware.intel.com/eula.



+---------------------------------------------------------------+
; Assembler Summary                                             ;
+-----------------------+---------------------------------------+
; Assembler Status      ; Successful - Fri Jul  4 17:24:02 2025 ;
; Revision Name         ; ltr_sensor_ip_m1                      ;
; Top-level Entity Name ; DataAcquisitionIP_core                ;
; Family                ; Cyclone V                             ;
; Device                ; 5CSEMA5F31C6                          ;
+-----------------------+---------------------------------------+


+----------------------------------+
; Assembler Settings               ;
+--------+---------+---------------+
; Option ; Setting ; Default Value ;
+--------+---------+---------------+


+--------------------------------------------------------------------------------------------------------------------------------------------------------------------+
; Assembler Generated Files                                                                                                                                          ;
+--------------------------------------------------------------------------------------------------------------------------------------------------------------------+
; File Name                                                                                                                                                          ;
+--------------------------------------------------------------------------------------------------------------------------------------------------------------------+
; /home/raul/Documents/UBC/Co-op work/2025 Co-op/Research - Prof Andre Ivanov 2025/VERILOG/ltr-sensor-fusion-soc-peripheral/rtl_m1/output_files/ltr_sensor_ip_m1.sof ;
+--------------------------------------------------------------------------------------------------------------------------------------------------------------------+


+------------------------------------------------+
; Assembler Device Options: ltr_sensor_ip_m1.sof ;
+----------------+-------------------------------+
; Option         ; Setting                       ;
+----------------+-------------------------------+
; JTAG usercode  ; 0x00B6086D                    ;
; Checksum       ; 0x00B6086D                    ;
+----------------+-------------------------------+


+--------------------+
; Assembler Messages ;
+--------------------+
Info: *******************************************************************
Info: Running Quartus Prime Assembler
    Info: Version 19.1.0 Build 670 09/22/2019 SJ Lite Edition
    Info: Processing started: Fri Jul  4 17:23:52 2025
Info: Command: quartus_asm --read_settings_files=off --write_settings_files=off ltr_sensor_ip_m1 -c ltr_sensor_ip_m1
Warning (18236): Number of processors has not been specified which may cause overloading on shared machines.  Set the global assignment NUM_PARALLEL_PROCESSORS in your QSF to an appropriate value for best performance.
Info (115030): Assembler is generating device programming files
Info: Quartus Prime Assembler was successful. 0 errors, 1 warning
    Info: Peak virtual memory: 967 megabytes
    Info: Processing ended: Fri Jul  4 17:24:02 2025
    Info: Elapsed time: 00:00:10
    Info: Total CPU time (on all processors): 00:00:10


